<?xml version="1.0" encoding="UTF-8"?>
<!-- Generated by org.testng.reporters.JUnitXMLReporter -->
<testsuite hostname="LAPTOP-GBJ4LDOP" failures="0" tests="1" name="Test" time="3.53" errors="0" timestamp="19 Oct 2021 08:54:03 GMT">
  <testcase classname="com.todos.tests.AddTodoTest" name="@BeforeMethod setupTest" time="0.0">
    <failure type="org.openqa.selenium.SessionNotCreatedException" message="session not created: This version of ChromeDriver only supports Chrome version 83
Build info: version: &amp;apos;3.13.0&amp;apos;, revision: &amp;apos;2f0d292&amp;apos;, time: &amp;apos;2018-06-25T15:24:21.231Z&amp;apos;
System info: host: &amp;apos;LAPTOP-GBJ4LDOP&amp;apos;, ip: &amp;apos;192.168.43.30&amp;apos;, os.name: &amp;apos;Windows 10&amp;apos;, os.arch: &amp;apos;amd64&amp;apos;, os.version: &amp;apos;10.0&amp;apos;, java.version: &amp;apos;14&amp;apos;
Driver info: driver.version: ChromeDriver
remote stacktrace: Backtrace:
	Ordinal0 [0x00569563+2725219]
	Ordinal0 [0x00468551+1672529]
	Ordinal0 [0x00350359+525145]
	Ordinal0 [0x002E0B77+68471]
	Ordinal0 [0x002DD32C+54060]
	Ordinal0 [0x002FCC37+183351]
	Ordinal0 [0x002FCA3D+182845]
	Ordinal0 [0x002FA94B+174411]
	Ordinal0 [0x002E2528+75048]
	Ordinal0 [0x002E35A0+79264]
	Ordinal0 [0x002E3539+79161]
	Ordinal0 [0x0047D607+1758727]
	GetHandleVerifier [0x00686546+1050150]
	GetHandleVerifier [0x00686291+1049457]
	GetHandleVerifier [0x006910D7+1094071]
	GetHandleVerifier [0x00686B46+1051686]
	Ordinal0 [0x00475B06+1727238]
	Ordinal0 [0x0047EB7B+1764219]
	Ordinal0 [0x0047ECE3+1764579]
	Ordinal0 [0x00494C05+1854469]
	BaseThreadInitThunk [0x760EFA29+25]
	RtlGetAppContainerNamedObjectPath [0x77947A9E+286]
	RtlGetAppContainerNamedObjectPath [0x77947A6E+238]
">
      <![CDATA[org.openqa.selenium.SessionNotCreatedException: session not created: This version of ChromeDriver only supports Chrome version 83
Build info: version: '3.13.0', revision: '2f0d292', time: '2018-06-25T15:24:21.231Z'
System info: host: 'LAPTOP-GBJ4LDOP', ip: '192.168.43.30', os.name: 'Windows 10', os.arch: 'amd64', os.version: '10.0', java.version: '14'
Driver info: driver.version: ChromeDriver
remote stacktrace: Backtrace:
	Ordinal0 [0x00569563+2725219]
	Ordinal0 [0x00468551+1672529]
	Ordinal0 [0x00350359+525145]
	Ordinal0 [0x002E0B77+68471]
	Ordinal0 [0x002DD32C+54060]
	Ordinal0 [0x002FCC37+183351]
	Ordinal0 [0x002FCA3D+182845]
	Ordinal0 [0x002FA94B+174411]
	Ordinal0 [0x002E2528+75048]
	Ordinal0 [0x002E35A0+79264]
	Ordinal0 [0x002E3539+79161]
	Ordinal0 [0x0047D607+1758727]
	GetHandleVerifier [0x00686546+1050150]
	GetHandleVerifier [0x00686291+1049457]
	GetHandleVerifier [0x006910D7+1094071]
	GetHandleVerifier [0x00686B46+1051686]
	Ordinal0 [0x00475B06+1727238]
	Ordinal0 [0x0047EB7B+1764219]
	Ordinal0 [0x0047ECE3+1764579]
	Ordinal0 [0x00494C05+1854469]
	BaseThreadInitThunk [0x760EFA29+25]
	RtlGetAppContainerNamedObjectPath [0x77947A9E+286]
	RtlGetAppContainerNamedObjectPath [0x77947A6E+238]

	at org.openqa.selenium.remote.W3CHandshakeResponse.lambda$new$0(W3CHandshakeResponse.java:57)
	at org.openqa.selenium.remote.W3CHandshakeResponse.lambda$getResponseFunction$2(W3CHandshakeResponse.java:104)
	at org.openqa.selenium.remote.ProtocolHandshake.lambda$createSession$0(ProtocolHandshake.java:123)
	at java.base/java.util.stream.ReferencePipeline$3$1.accept(ReferencePipeline.java:195)
	at java.base/java.util.Spliterators$ArraySpliterator.tryAdvance(Spliterators.java:958)
	at java.base/java.util.stream.ReferencePipeline.forEachWithCancel(ReferencePipeline.java:127)
	at java.base/java.util.stream.AbstractPipeline.copyIntoWithCancel(AbstractPipeline.java:502)
	at java.base/java.util.stream.AbstractPipeline.copyInto(AbstractPipeline.java:488)
	at java.base/java.util.stream.AbstractPipeline.wrapAndCopyInto(AbstractPipeline.java:474)
	at java.base/java.util.stream.FindOps$FindOp.evaluateSequential(FindOps.java:150)
	at java.base/java.util.stream.AbstractPipeline.evaluate(AbstractPipeline.java:234)
	at java.base/java.util.stream.ReferencePipeline.findFirst(ReferencePipeline.java:543)
	at org.openqa.selenium.remote.ProtocolHandshake.createSession(ProtocolHandshake.java:126)
	at org.openqa.selenium.remote.ProtocolHandshake.createSession(ProtocolHandshake.java:73)
	at org.openqa.selenium.remote.HttpCommandExecutor.execute(HttpCommandExecutor.java:136)
	at org.openqa.selenium.remote.service.DriverCommandExecutor.execute(DriverCommandExecutor.java:83)
	at org.openqa.selenium.remote.RemoteWebDriver.execute(RemoteWebDriver.java:548)
	at org.openqa.selenium.remote.RemoteWebDriver.startSession(RemoteWebDriver.java:212)
	at org.openqa.selenium.remote.RemoteWebDriver.<init>(RemoteWebDriver.java:130)
	at org.openqa.selenium.chrome.ChromeDriver.<init>(ChromeDriver.java:181)
	at org.openqa.selenium.chrome.ChromeDriver.<init>(ChromeDriver.java:168)
	at org.openqa.selenium.chrome.ChromeDriver.<init>(ChromeDriver.java:123)
	at com.todos.utils.BasePage.initialization(BasePage.java:32)
	at com.todos.utils.Setup.setupTest(Setup.java:22)
... Removed 31 stack frames]]>
    </failure>
  </testcase> <!-- @BeforeMethod setupTest -->
  <testcase classname="com.todos.tests.AddTodoTest" name="@AfterMethod cleanTest" time="0.0">
    <skipped/>
  </testcase> <!-- @AfterMethod cleanTest -->
  <testcase classname="com.todos.tests.AddTodoTest" name="iCanAddTodo" time="0.003">
    <skipped/>
  </testcase> <!-- iCanAddTodo -->
</testsuite> <!-- Test -->
