<?xml version="1.0" encoding="UTF-8"?>
<!-- Generated by org.testng.reporters.JUnitReportReporter -->
<testsuite hostname="DESKTOP-00M13P0" failures="1" tests="1" name="com.todos.tests.AddTodoTest" time="0.005" errors="0" timestamp="1 Jan 2023 09:31:50 GMT">
  <testcase classname="com.todos.tests.AddTodoTest" name="iCanAddTodo" time="0.005">
    <failure message="unknown error: cannot find Chrome binary
Build info: version: &#039;3.13.0&#039;, revision: &#039;2f0d292&#039;, time: &#039;2018-06-25T15:24:21.231Z&#039;
System info: host: &#039;DESKTOP-00M13P0&#039;, ip: &#039;172.28.32.1&#039;, os.name: &#039;Windows 10&#039;, os.arch: &#039;amd64&#039;, os.version: &#039;10.0&#039;, java.version: &#039;17.0.5&#039;
Driver info: driver.version: ChromeDriver
remote stacktrace: Backtrace:
	Ordinal0 [0x00489563+2725219]
	Ordinal0 [0x00388551+1672529]
	Ordinal0 [0x00270359+525145]
	Ordinal0 [0x001FCA64+51812]
	Ordinal0 [0x0021CC37+183351]
	Ordinal0 [0x0021CA3D+182845]
	Ordinal0 [0x0021A94B+174411]
	Ordinal0 [0x00202528+75048]
	Ordinal0 [0x002035A0+79264]
	Ordinal0 [0x00203539+79161]
	Ordinal0 [0x0039D607+1758727]
	GetHandleVerifier [0x005A6546+1050150]
	GetHandleVerifier [0x005A6291+1049457]
	GetHandleVerifier [0x005B10D7+1094071]
	GetHandleVerifier [0x005A6B46+1051686]
	Ordinal0 [0x00395B06+1727238]
	Ordinal0 [0x0039EB7B+1764219]
	Ordinal0 [0x0039ECE3+1764579]
	Ordinal0 [0x003B4C05+1854469]
	BaseThreadInitThunk [0x75CB00F9+25]
	RtlGetAppContainerNamedObjectPath [0x773E7BBE+286]
	RtlGetAppContainerNamedObjectPath [0x773E7B8E+238]
" type="org.openqa.selenium.WebDriverException">
      <![CDATA[org.openqa.selenium.WebDriverException: unknown error: cannot find Chrome binary
Build info: version: '3.13.0', revision: '2f0d292', time: '2018-06-25T15:24:21.231Z'
System info: host: 'DESKTOP-00M13P0', ip: '172.28.32.1', os.name: 'Windows 10', os.arch: 'amd64', os.version: '10.0', java.version: '17.0.5'
Driver info: driver.version: ChromeDriver
remote stacktrace: Backtrace:
	Ordinal0 [0x00489563+2725219]
	Ordinal0 [0x00388551+1672529]
	Ordinal0 [0x00270359+525145]
	Ordinal0 [0x001FCA64+51812]
	Ordinal0 [0x0021CC37+183351]
	Ordinal0 [0x0021CA3D+182845]
	Ordinal0 [0x0021A94B+174411]
	Ordinal0 [0x00202528+75048]
	Ordinal0 [0x002035A0+79264]
	Ordinal0 [0x00203539+79161]
	Ordinal0 [0x0039D607+1758727]
	GetHandleVerifier [0x005A6546+1050150]
	GetHandleVerifier [0x005A6291+1049457]
	GetHandleVerifier [0x005B10D7+1094071]
	GetHandleVerifier [0x005A6B46+1051686]
	Ordinal0 [0x00395B06+1727238]
	Ordinal0 [0x0039EB7B+1764219]
	Ordinal0 [0x0039ECE3+1764579]
	Ordinal0 [0x003B4C05+1854469]
	BaseThreadInitThunk [0x75CB00F9+25]
	RtlGetAppContainerNamedObjectPath [0x773E7BBE+286]
	RtlGetAppContainerNamedObjectPath [0x773E7B8E+238]

	at java.base/jdk.internal.reflect.NativeConstructorAccessorImpl.newInstance0(Native Method)
	at java.base/jdk.internal.reflect.NativeConstructorAccessorImpl.newInstance(NativeConstructorAccessorImpl.java:77)
	at java.base/jdk.internal.reflect.DelegatingConstructorAccessorImpl.newInstance(DelegatingConstructorAccessorImpl.java:45)
	at java.base/java.lang.reflect.Constructor.newInstanceWithCaller(Constructor.java:499)
	at java.base/java.lang.reflect.Constructor.newInstance(Constructor.java:480)
	at org.openqa.selenium.remote.W3CHandshakeResponse.lambda$new$0(W3CHandshakeResponse.java:57)
	at org.openqa.selenium.remote.W3CHandshakeResponse.lambda$getResponseFunction$2(W3CHandshakeResponse.java:104)
	at org.openqa.selenium.remote.ProtocolHandshake.lambda$createSession$0(ProtocolHandshake.java:123)
	at java.base/java.util.stream.ReferencePipeline$3$1.accept(ReferencePipeline.java:197)
	at java.base/java.util.Spliterators$ArraySpliterator.tryAdvance(Spliterators.java:1002)
	at java.base/java.util.stream.ReferencePipeline.forEachWithCancel(ReferencePipeline.java:129)
	at java.base/java.util.stream.AbstractPipeline.copyIntoWithCancel(AbstractPipeline.java:527)
	at java.base/java.util.stream.AbstractPipeline.copyInto(AbstractPipeline.java:513)
	at java.base/java.util.stream.AbstractPipeline.wrapAndCopyInto(AbstractPipeline.java:499)
	at java.base/java.util.stream.FindOps$FindOp.evaluateSequential(FindOps.java:150)
	at java.base/java.util.stream.AbstractPipeline.evaluate(AbstractPipeline.java:234)
	at java.base/java.util.stream.ReferencePipeline.findFirst(ReferencePipeline.java:647)
	at org.openqa.selenium.remote.ProtocolHandshake.createSession(ProtocolHandshake.java:126)
	at org.openqa.selenium.remote.ProtocolHandshake.createSession(ProtocolHandshake.java:73)
	at org.openqa.selenium.remote.HttpCommandExecutor.execute(HttpCommandExecutor.java:136)
	at org.openqa.selenium.remote.service.DriverCommandExecutor.execute(DriverCommandExecutor.java:83)
	at org.openqa.selenium.remote.RemoteWebDriver.execute(RemoteWebDriver.java:548)
	at org.openqa.selenium.remote.RemoteWebDriver.startSession(RemoteWebDriver.java:212)
	at org.openqa.selenium.remote.RemoteWebDriver.<init>(RemoteWebDriver.java:130)
	at org.openqa.selenium.chrome.ChromeDriver.<init>(ChromeDriver.java:181)
	at org.openqa.selenium.chrome.ChromeDriver.<init>(ChromeDriver.java:168)
	at org.openqa.selenium.chrome.ChromeDriver.<init>(ChromeDriver.java:123)
	at com.todos.utils.BasePage.initialization(BasePage.java:32)
	at com.todos.utils.Setup.setupTest(Setup.java:22)
	at java.base/jdk.internal.reflect.NativeMethodAccessorImpl.invoke0(Native Method)
	at java.base/jdk.internal.reflect.NativeMethodAccessorImpl.invoke(NativeMethodAccessorImpl.java:77)
	at java.base/jdk.internal.reflect.DelegatingMethodAccessorImpl.invoke(DelegatingMethodAccessorImpl.java:43)
	at java.base/java.lang.reflect.Method.invoke(Method.java:568)
	at org.testng.internal.MethodInvocationHelper.invokeMethod(MethodInvocationHelper.java:84)
	at org.testng.internal.Invoker.invokeConfigurationMethod(Invoker.java:564)
	at org.testng.internal.Invoker.invokeConfigurations(Invoker.java:213)
	at org.testng.internal.Invoker.invokeMethod(Invoker.java:653)
	at org.testng.internal.Invoker.invokeTestMethod(Invoker.java:901)
	at org.testng.internal.Invoker.invokeTestMethods(Invoker.java:1231)
	at org.testng.internal.TestMethodWorker.invokeTestMethods(TestMethodWorker.java:127)
	at org.testng.internal.TestMethodWorker.run(TestMethodWorker.java:111)
	at org.testng.TestRunner.privateRun(TestRunner.java:767)
	at org.testng.TestRunner.run(TestRunner.java:617)
	at org.testng.SuiteRunner.runTest(SuiteRunner.java:348)
	at org.testng.SuiteRunner.runSequentially(SuiteRunner.java:343)
	at org.testng.SuiteRunner.privateRun(SuiteRunner.java:305)
	at org.testng.SuiteRunner.run(SuiteRunner.java:254)
	at org.testng.SuiteRunnerWorker.runSuite(SuiteRunnerWorker.java:52)
	at org.testng.SuiteRunnerWorker.run(SuiteRunnerWorker.java:86)
	at org.testng.TestNG.runSuitesSequentially(TestNG.java:1224)
	at org.testng.TestNG.runSuitesLocally(TestNG.java:1149)
	at org.testng.TestNG.run(TestNG.java:1057)
	at org.testng.remote.AbstractRemoteTestNG.run(AbstractRemoteTestNG.java:115)
	at org.testng.remote.RemoteTestNG.initAndRun(RemoteTestNG.java:251)
	at org.testng.remote.RemoteTestNG.main(RemoteTestNG.java:77)
]]>
    </failure>
  </testcase> <!-- iCanAddTodo -->
</testsuite> <!-- com.todos.tests.AddTodoTest -->
